10 19 2 6 13 4 9 8 17 
1 22 20 3 29 33 27 7 18 
28 21 23 12 14 16 61 34 36 
38 37 31 48 53 5 25 35 45 
57 56 11 30 24 41 32 44 26 
46 39 55 40 49 43 58 42 62 
66 64 73 15 60 50 79 70 54 
74 65 47 75 69 77 59 71 51 
0 67 68 76 78 80 72 63 52 
---------
Trace BFS
down
right
up
left
up
right
down
left
down
right
up
left
up
right
down
Truong hop kho'
Trace BFS
right
down
left
up
right
down
down
left
up
up
right
down
Truong hop kho'
Trace BFS
left
up
right
down
down
left
up
up
right
down
Truong hop kho'
Trace BFS
right
down
left
up
right
down
down
left
up
up
right
down
Truong hop kho'
Trace BFS
right
down
left
up
right
down
down
left
up
up
right
down
Trace BFS
down
right
up
left
up
right
down
left
down
right
up
left
up
right
down
Trace BFS
down
right
up
left
up
right
down
left
down
right
up
left
up
right
down
1 1 1 1 1 1 1 1 1 
1 1 1 1 1 1 1 1 1 
1 1 1 1 1 1 1 1 1 
1 1 1 1 1 1 1 1 1 
1 1 1 1 1 1 1 1 1 
1 1 1 1 1 1 1 1 1 
1 1 1 1 1 1 1 1 1 
0 0 0 0 0 0 0 0 0 
0 0 0 0 0 0 0 0 0 
---------
1 2 3 4 5 6 7 8 9 
10 11 12 13 14 15 16 17 18 
19 20 21 22 23 24 25 26 27 
28 29 30 31 32 33 34 35 36 
37 38 39 40 41 42 43 44 45 
46 47 48 49 50 51 52 53 54 
55 56 57 58 59 60 61 62 63 
66 65 73 74 77 75 71 72 0 
67 68 76 64 78 79 69 70 80 
---------
215
left
left
down
left
left
up
right
right
down
right
right
up
left
left
down
right
up
right
down
left
left
left
left
up
left
down
left
left
up
right
down
left
up
left
down
right
right
right
right
up
left
left
left
down
right
right
right
up
left
left
down
right
right
up
left
down
left
up
right
right
down
left
left
left
up
right
right
down
left
left
up
left
down
right
right
up
left
down
right
right
up
left
down
right
right
up
left
left
down
right
up
right
down
left
left
left
up
right
down
right
up
left
left
down
right
up
right
down
left
left
left
up
right
down
right
up
left
left
down
right
up
right
down
left
left
up
right
right
down
right
up
left
left
down
right
up
right
down
left
left
up
right
right
down
right
up
left
left
down
right
up
right
down
left
left
up
right
right
down
right
up
left
left
down
right
up
right
down
left
left
up
right
right
down
right
up
left
left
down
right
up
right
down
left
left
up
right
right
down
right
right
up
left
down
left
up
right
right
down
left
left
up
left
down
right
right
up
left
down
left
up
right
right
down
right

1 2 3 4 5 6 7 8 9 
10 11 12 13 14 15 16 17 18 
19 20 21 22 23 24 25 26 27 
28 29 30 31 32 33 34 35 36 
37 38 39 40 41 42 43 44 45 
46 47 48 49 50 51 52 53 54 
55 56 57 58 59 60 61 62 63 
64 65 66 67 68 69 70 71 72 
73 74 75 76 77 78 79 80 0 
---------
Time: 9744ms
